// ================The Req Object: ================
Session {
  cookie:
   { path: '/',
     _expires: null,
     originalMaxAge: null,
     httpOnly: true } }
// ================The Req Object: ================
Session {
  cookie:
   { path: '/',
     _expires: null,
     originalMaxAge: null,
     httpOnly: true },
  email: 'sdqsd',
  password: 'qsdqsd' }
// ================The Req Object: ================
Session {
  cookie:
   { path: '/',
     _expires: null,
     originalMaxAge: null,
     httpOnly: true },
  email: 'sdqsd',
  password: 'qsdqsd' }
// ================The Req Object: ================
Session {
  cookie:
   { path: '/',
     _expires: null,
     originalMaxAge: null,
     httpOnly: true },
  email: 'sdqsd',
  password: 'qsdqsd' }
// ================The Req Object: ================
Session {
  cookie:
   { path: '/',
     _expires: null,
     originalMaxAge: null,
     httpOnly: true },
  email: 'j',
  password: 'j' }
// ================The Req Object: ================
Session {
  cookie:
   { path: '/',
     _expires: null,
     originalMaxAge: null,
     httpOnly: true },
  email: 'j',
  password: 'j' }
// ================The Req Object: ================
Session {
  cookie:
   { path: '/',
     _expires: null,
     originalMaxAge: null,
     httpOnly: true },
  email: 'j',
  password: 'j' }
// ================The Req Object: ================
Session {
  cookie:
   { path: '/',
     _expires: null,
     originalMaxAge: null,
     httpOnly: true },
  email: 'j',
  password: 'j' }
// ================The Req Object: ================
Session {
  cookie:
   { path: '/',
     _expires: null,
     originalMaxAge: null,
     httpOnly: true } }
// ================The Req Object: ================
Session {
  cookie:
   { path: '/',
     _expires: null,
     originalMaxAge: null,
     httpOnly: true } }
// ================The Req Object: ================
Session {
  cookie:
   { path: '/',
     _expires: null,
     originalMaxAge: null,
     httpOnly: true } }
// ================The Req Object: ================
Session {
  cookie:
   { path: '/',
     _expires: null,
     originalMaxAge: null,
     httpOnly: true } }
// ================The Req Object: ================
Session {
  cookie:
   { path: '/',
     _expires: null,
     originalMaxAge: null,
     httpOnly: true } }
// ================The Req Object: ================
Session {
  cookie:
   { path: '/',
     _expires: null,
     originalMaxAge: null,
     httpOnly: true } }
// ================The Req Object: ================
Session {
  cookie:
   { path: '/',
     _expires: null,
     originalMaxAge: null,
     httpOnly: true } }
// ================The Req Object: ================
Session {
  cookie:
   { path: '/',
     _expires: null,
     originalMaxAge: null,
     httpOnly: true } }
// ================The Req Object: ================
Session {
  cookie:
   { path: '/',
     _expires: null,
     originalMaxAge: null,
     httpOnly: true } }
// ================The Req Object: ================
Session {
  cookie:
   { path: '/',
     _expires: null,
     originalMaxAge: null,
     httpOnly: true } }
// ================The Req Object: ================
Session {
  cookie:
   { path: '/',
     _expires: null,
     originalMaxAge: null,
     httpOnly: true },
  email: 'ghg',
  password: 'h' }
// ================The Req Object: ================
Session {
  cookie:
   { path: '/',
     _expires: null,
     originalMaxAge: null,
     httpOnly: true },
  email: 'ghg',
  password: 'h' }
// ================The Req Object: ================
Session {
  cookie:
   { path: '/',
     _expires: null,
     originalMaxAge: null,
     httpOnly: true },
  email: 'ghg',
  password: 'h' }
// ================The Req Object: ================
Session {
  cookie:
   { path: '/',
     _expires: null,
     originalMaxAge: null,
     httpOnly: true },
  email: 'j',
  password: 'j' }
// ================The Req Object: ================
Session {
  cookie:
   { path: '/',
     _expires: null,
     originalMaxAge: null,
     httpOnly: true },
  email: 'j',
  password: 'j' }
// ================The Req Object: ================
Session {
  cookie:
   { path: '/',
     _expires: null,
     originalMaxAge: null,
     httpOnly: true },
  email: 'j',
  password: 'j' }
// ================The Req Object: ================
Session {
  cookie:
   { path: '/',
     _expires: null,
     originalMaxAge: null,
     httpOnly: true },
  email: 'j',
  password: 'j' }
// ================The Req Object: ================
Session {
  cookie:
   { path: '/',
     _expires: null,
     originalMaxAge: null,
     httpOnly: true },
  email: 'j',
  password: 'j' }
// ================The Req Object: ================
Session {
  cookie:
   { path: '/',
     _expires: null,
     originalMaxAge: null,
     httpOnly: true },
  email: 'j',
  password: 'j' }
// ================The Req Object: ================
Session {
  cookie:
   { path: '/',
     _expires: null,
     originalMaxAge: null,
     httpOnly: true } }
// ================The Req Object: ================
Session {
  cookie:
   { path: '/',
     _expires: null,
     originalMaxAge: null,
     httpOnly: true } }
// ================The Req Object: ================
Session {
  cookie:
   { path: '/',
     _expires: null,
     originalMaxAge: null,
     httpOnly: true } }
// ================The Req Object: ================
Session {
  cookie:
   { path: '/',
     _expires: null,
     originalMaxAge: null,
     httpOnly: true } }
// ================The Req Object: ================
Session {
  cookie:
   { path: '/',
     _expires: null,
     originalMaxAge: null,
     httpOnly: true } }
// ================The Req Object: ================
Session {
  cookie:
   { path: '/',
     _expires: null,
     originalMaxAge: null,
     httpOnly: true } }
// ================The Req Object: ================
Session {
  cookie:
   { path: '/',
     _expires: null,
     originalMaxAge: null,
     httpOnly: true } }
// ================The Req Object: ================
Session {
  cookie:
   { path: '/',
     _expires: null,
     originalMaxAge: null,
     httpOnly: true } }
// ================The Req Object: ================
Session {
  cookie:
   { path: '/',
     _expires: null,
     originalMaxAge: null,
     httpOnly: true } }
// ================The Req Object: ================
Session {
  cookie:
   { path: '/',
     _expires: null,
     originalMaxAge: null,
     httpOnly: true } }
// ================The Req Object: ================
Session {
  cookie:
   { path: '/',
     _expires: null,
     originalMaxAge: null,
     httpOnly: true },
  email: 'j',
  password: 'j' }
// ================The Req Object: ================
Session {
  cookie:
   { path: '/',
     _expires: null,
     originalMaxAge: null,
     httpOnly: true },
  email: 'j',
  password: 'j' }
// ================The Req Object: ================
Session {
  cookie:
   { path: '/',
     _expires: null,
     originalMaxAge: null,
     httpOnly: true },
  email: 'j',
  password: 'j' }
// ================The Req Object: ================
Session {
  cookie:
   { path: '/',
     _expires: null,
     originalMaxAge: null,
     httpOnly: true },
  email: 'j',
  password: 'j' }
// ================The Req Object: ================
Session {
  cookie:
   { path: '/',
     _expires: null,
     originalMaxAge: null,
     httpOnly: true },
  email: 'j',
  password: 'j' }
// ================The Req Object: ================
Session {
  cookie:
   { path: '/',
     _expires: null,
     originalMaxAge: null,
     httpOnly: true },
  email: 'j',
  password: 'j' }
// ================The Req Object: ================
Session {
  cookie:
   { path: '/',
     _expires: null,
     originalMaxAge: null,
     httpOnly: true },
  email: 'j',
  password: 'j' }
// ================The Req Object: ================
Session {
  cookie:
   { path: '/',
     _expires: null,
     originalMaxAge: null,
     httpOnly: true },
  email: 'j',
  password: 'j' }
// ================The Req Object: ================
Session {
  cookie:
   { path: '/',
     _expires: null,
     originalMaxAge: null,
     httpOnly: true },
  email: 'j',
  password: 'j' }
// ================The Req Object: ================
Session {
  cookie:
   { path: '/',
     _expires: null,
     originalMaxAge: null,
     httpOnly: true },
  email: 'j',
  password: 'j' }
// ================The Req Object: ================
Session {
  cookie:
   { path: '/',
     _expires: null,
     originalMaxAge: null,
     httpOnly: true } }
// ================The Req Object: ================
Session {
  cookie:
   { path: '/',
     _expires: null,
     originalMaxAge: null,
     httpOnly: true } }
// ================The Req Object: ================
Session {
  cookie:
   { path: '/',
     _expires: null,
     originalMaxAge: null,
     httpOnly: true } }
// ================The Req Object: ================
Session {
  cookie:
   { path: '/',
     _expires: null,
     originalMaxAge: null,
     httpOnly: true } }
// ================The Req Object: ================
Session {
  cookie:
   { path: '/',
     _expires: null,
     originalMaxAge: null,
     httpOnly: true } }
// ================The Req Object: ================
Session {
  cookie:
   { path: '/',
     _expires: null,
     originalMaxAge: null,
     httpOnly: true },
  email: 'j',
  password: 'jj' }
// ================The Req Object: ================
Session {
  cookie:
   { path: '/',
     _expires: null,
     originalMaxAge: null,
     httpOnly: true },
  email: 'j',
  password: 'jj' }
// ================The Req Object: ================
Session {
  cookie:
   { path: '/',
     _expires: null,
     originalMaxAge: null,
     httpOnly: true },
  email: 'j',
  password: 'jj' }
// ================The Req Object: ================
Session {
  cookie:
   { path: '/',
     _expires: null,
     originalMaxAge: null,
     httpOnly: true },
  email: 'j',
  password: 'j' }
// ================The Req Object: ================
Session {
  cookie:
   { path: '/',
     _expires: null,
     originalMaxAge: null,
     httpOnly: true },
  email: 'j',
  password: 'j' }
// ================The Req Object: ================
Session {
  cookie:
   { path: '/',
     _expires: null,
     originalMaxAge: null,
     httpOnly: true },
  email: 'j',
  password: 'j' }
// ================The Req Object: ================
Session {
  cookie:
   { path: '/',
     _expires: null,
     originalMaxAge: null,
     httpOnly: true },
  email: 'j',
  password: 'j' }
// ================The Req Object: ================
Session {
  cookie:
   { path: '/',
     _expires: null,
     originalMaxAge: null,
     httpOnly: true } }
// ================The Req Object: ================
Session {
  cookie:
   { path: '/',
     _expires: null,
     originalMaxAge: null,
     httpOnly: true } }
// ================The Req Object: ================
Session {
  cookie:
   { path: '/',
     _expires: null,
     originalMaxAge: null,
     httpOnly: true } }
// ================The Req Object: ================
Session {
  cookie:
   { path: '/',
     _expires: null,
     originalMaxAge: null,
     httpOnly: true },
  email: 'j',
  password: 'jh' }
// ================The Req Object: ================
Session {
  cookie:
   { path: '/',
     _expires: null,
     originalMaxAge: null,
     httpOnly: true },
  email: 'j',
  password: 'jh' }
// ================The Req Object: ================
Session {
  cookie:
   { path: '/',
     _expires: null,
     originalMaxAge: null,
     httpOnly: true } }
// ================The Req Object: ================
Session {
  cookie:
   { path: '/',
     _expires: null,
     originalMaxAge: null,
     httpOnly: true } }
// ================The Req Object: ================
Session {
  cookie:
   { path: '/',
     _expires: null,
     originalMaxAge: null,
     httpOnly: true } }
// ================The Req Object: ================
Session {
  cookie:
   { path: '/',
     _expires: null,
     originalMaxAge: null,
     httpOnly: true } }
// ================The Req Object: ================
Session {
  cookie:
   { path: '/',
     _expires: null,
     originalMaxAge: null,
     httpOnly: true } }
// ================The Req Object: ================
Session {
  cookie:
   { path: '/',
     _expires: null,
     originalMaxAge: null,
     httpOnly: true },
  email: 'df',
  password: '' }
// ================The Req Object: ================
Session {
  cookie:
   { path: '/',
     _expires: null,
     originalMaxAge: null,
     httpOnly: true },
  email: 'df',
  password: '' }
// ================The Req Object: ================
Session {
  cookie:
   { path: '/',
     _expires: null,
     originalMaxAge: null,
     httpOnly: true },
  email: 'df',
  password: '' }
// ================The Req Object: ================
Session {
  cookie:
   { path: '/',
     _expires: null,
     originalMaxAge: null,
     httpOnly: true },
  email: 'j',
  password: 'j' }
// ================The Req Object: ================
Session {
  cookie:
   { path: '/',
     _expires: null,
     originalMaxAge: null,
     httpOnly: true },
  email: 'j',
  password: 'j' }
// ================The Req Object: ================
Session {
  cookie:
   { path: '/',
     _expires: null,
     originalMaxAge: null,
     httpOnly: true },
  email: 'j',
  password: 'j' }
// ================The Req Object: ================
Session {
  cookie:
   { path: '/',
     _expires: null,
     originalMaxAge: null,
     httpOnly: true },
  email: 'j',
  password: 'j' }
// ================The Req Object: ================
Session {
  cookie:
   { path: '/',
     _expires: null,
     originalMaxAge: null,
     httpOnly: true } }
// ================The Req Object: ================
Session {
  cookie:
   { path: '/',
     _expires: null,
     originalMaxAge: null,
     httpOnly: true } }
// ================The Req Object: ================
Session {
  cookie:
   { path: '/',
     _expires: null,
     originalMaxAge: null,
     httpOnly: true } }
// ================The Req Object: ================
Session {
  cookie:
   { path: '/',
     _expires: null,
     originalMaxAge: null,
     httpOnly: true } }
// ================The Req Object: ================
Session {
  cookie:
   { path: '/',
     _expires: null,
     originalMaxAge: null,
     httpOnly: true } }
// ================The Req Object: ================
Session {
  cookie:
   { path: '/',
     _expires: null,
     originalMaxAge: null,
     httpOnly: true } }
// ================The Req Object: ================
Session {
  cookie:
   { path: '/',
     _expires: null,
     originalMaxAge: null,
     httpOnly: true } }
// ================The Req Object: ================
Session {
  cookie:
   { path: '/',
     _expires: null,
     originalMaxAge: null,
     httpOnly: true } }
// ================The Req Object: ================
Session {
  cookie:
   { path: '/',
     _expires: null,
     originalMaxAge: null,
     httpOnly: true } }
// ================The Req Object: ================
Session {
  cookie:
   { path: '/',
     _expires: null,
     originalMaxAge: null,
     httpOnly: true } }
// ================The Req Object: ================
Session {
  cookie:
   { path: '/',
     _expires: null,
     originalMaxAge: null,
     httpOnly: true },
  email: 'd',
  password: 'd' }
// ================The Req Object: ================
Session {
  cookie:
   { path: '/',
     _expires: null,
     originalMaxAge: null,
     httpOnly: true },
  email: 'd',
  password: 'd' }
// ================The Req Object: ================
Session {
  cookie:
   { path: '/',
     _expires: null,
     originalMaxAge: null,
     httpOnly: true },
  email: 'd',
  password: 'd' }
// ================The Req Object: ================
Session {
  cookie:
   { path: '/',
     _expires: null,
     originalMaxAge: null,
     httpOnly: true },
  email: 'j',
  password: 'j' }
// ================The Req Object: ================
Session {
  cookie:
   { path: '/',
     _expires: null,
     originalMaxAge: null,
     httpOnly: true },
  email: 'j',
  password: 'j' }
// ================The Req Object: ================
Session {
  cookie:
   { path: '/',
     _expires: null,
     originalMaxAge: null,
     httpOnly: true },
  email: 'j',
  password: 'j' }
// ================The Req Object: ================
Session {
  cookie:
   { path: '/',
     _expires: null,
     originalMaxAge: null,
     httpOnly: true },
  email: 'j',
  password: 'j' }
// ================The Req Object: ================
Session {
  cookie:
   { path: '/',
     _expires: null,
     originalMaxAge: null,
     httpOnly: true },
  email: 'j',
  password: 'j' }
// ================The Req Object: ================
Session {
  cookie:
   { path: '/',
     _expires: null,
     originalMaxAge: null,
     httpOnly: true },
  email: 'j',
  password: 'j' }
// ================The Req Object: ================
Session {
  cookie:
   { path: '/',
     _expires: null,
     originalMaxAge: null,
     httpOnly: true },
  email: 'j',
  password: 'j' }
// ================The Req Object: ================
Session {
  cookie:
   { path: '/',
     _expires: null,
     originalMaxAge: null,
     httpOnly: true },
  email: 'j',
  password: 'j' }
// ================The Req Object: ================
Session {
  cookie:
   { path: '/',
     _expires: null,
     originalMaxAge: null,
     httpOnly: true } }
// ================The Req Object: ================
Session {
  cookie:
   { path: '/',
     _expires: null,
     originalMaxAge: null,
     httpOnly: true } }
// ================The Req Object: ================
Session {
  cookie:
   { path: '/',
     _expires: null,
     originalMaxAge: null,
     httpOnly: true } }
// ================The Req Object: ================
Session {
  cookie:
   { path: '/',
     _expires: null,
     originalMaxAge: null,
     httpOnly: true } }
// ================The Req Object: ================
Session {
  cookie:
   { path: '/',
     _expires: null,
     originalMaxAge: null,
     httpOnly: true } }
// ================The Req Object: ================
Session {
  cookie:
   { path: '/',
     _expires: null,
     originalMaxAge: null,
     httpOnly: true } }
// ================The Req Object: ================
Session {
  cookie:
   { path: '/',
     _expires: 2019-01-24T10:08:34.478Z,
     originalMaxAge: 7200000,
     httpOnly: true } }
// ================The Req Object: ================
Session {
  cookie:
   { path: '/',
     _expires: 2019-01-24T10:08:34.522Z,
     originalMaxAge: 7200000,
     httpOnly: true } }
// ================The Req Object: ================
Session {
  cookie:
   { path: '/',
     _expires: 2019-01-24T10:08:36.618Z,
     originalMaxAge: 7200000,
     httpOnly: true } }
// ================The Req Object: ================
Session {
  cookie:
   { path: '/',
     _expires: 2019-01-24T10:09:08.107Z,
     originalMaxAge: 7200000,
     httpOnly: true } }
// ================The Req Object: ================
Session {
  cookie:
   { path: '/',
     _expires: 2019-01-24T10:09:08.109Z,
     originalMaxAge: 7200000,
     httpOnly: true },
  email: 'j',
  password: '' }
// ================The Req Object: ================
Session {
  cookie:
   { path: '/',
     _expires: 2019-01-24T10:09:08.123Z,
     originalMaxAge: 7200000,
     httpOnly: true },
  email: 'j',
  password: '' }
// ================The Req Object: ================
Session {
  cookie:
   { path: '/',
     _expires: 2019-01-24T10:09:08.169Z,
     originalMaxAge: 7200000,
     httpOnly: true },
  email: 'j',
  password: '' }
// ================The Req Object: ================
Session {
  cookie:
   { path: '/',
     _expires: 2019-01-24T10:09:18.047Z,
     originalMaxAge: 7200000,
     httpOnly: true },
  email: 'j ',
  password: 'j' }
// ================The Req Object: ================
Session {
  cookie:
   { path: '/',
     _expires: 2019-01-24T10:09:18.061Z,
     originalMaxAge: 7200000,
     httpOnly: true },
  email: 'j ',
  password: 'j' }
// ================The Req Object: ================
Session {
  cookie:
   { path: '/',
     _expires: 2019-01-24T10:09:18.096Z,
     originalMaxAge: 7200000,
     httpOnly: true },
  email: 'j ',
  password: 'j' }
// ================The Req Object: ================
Session {
  cookie:
   { path: '/',
     _expires: 2019-01-24T10:09:24.945Z,
     originalMaxAge: 7200000,
     httpOnly: true },
  email: 'j',
  password: 'j' }
// ================The Req Object: ================
Session {
  cookie:
   { path: '/',
     _expires: 2019-01-24T10:09:24.958Z,
     originalMaxAge: 7200000,
     httpOnly: true },
  email: 'j',
  password: 'j' }
// ================The Req Object: ================
Session {
  cookie:
   { path: '/',
     _expires: 2019-01-24T10:09:24.969Z,
     originalMaxAge: 7200000,
     httpOnly: true },
  email: 'j',
  password: 'j' }
// ================The Req Object: ================
Session {
  cookie:
   { path: '/',
     _expires: 2019-01-24T10:09:25.047Z,
     originalMaxAge: 7200000,
     httpOnly: true },
  email: 'j',
  password: 'j' }
// ================The Req Object: ================
Session {
  cookie:
   { path: '/',
     _expires: 2019-01-24T10:09:30.324Z,
     originalMaxAge: 7200000,
     httpOnly: true },
  email: 'j',
  password: 'j' }
